<?xml version="1.0" encoding="UTF-8"?>
<!-- Generated by org.testng.reporters.JUnitXMLReporter -->
<testsuite hostname="MCML009" ignored="0" name="Default test" tests="5" failures="0" timestamp="2021-02-20T16:51:52 IST" time="45.286" errors="0">
  <testcase name="menu" time="14.458" classname="optimumproject.NewTest"/>
  <testcase name="clickLearnMore" time="5.58" classname="optimumproject.NewTest"/>
  <testcase name="digi" time="8.797" classname="optimumproject.NewTest"/>
  <testcase name="loginPage" time="4.517" classname="optimumproject.NewTest"/>
  <testcase name="verify" time="0.087" classname="optimumproject.NewTest"/>
</testsuite> <!-- Default test -->
